<?xml version="1.0" encoding="UTF-8"?>
<testsuite name="NumerosEx6Test" tests="1" skipped="0" failures="0" errors="0" timestamp="2022-11-22T22:13:15" hostname="LAPTOP-HFOIRL0I" time="0.027">
  <properties/>
  <testcase name="testMediaNumeros()" classname="NumerosEx6Test" time="0.027"/>
  <system-out><![CDATA[]]></system-out>
  <system-err><![CDATA[]]></system-err>
</testsuite>
